     [java] Executing '/Library/Java/JavaVirtualMachines/temurin-17.jdk/Contents/Home/bin/java' with arguments:
'-jar'
'/Users/jmok/VeracodeJavaAPI.jar'
'-action'
'UploadAndScan'
'-vid'
'dd8a37f63ef2ecdbdf6e806195007d0f'
'-vkey'
'ef67607ffd6ffad6e62382862d681b4cdb48aba354b16d57329c34a3cc912b3f9528c9b3423e5caa350496b52e5873629ab67137745523d7a609b31f4feb5952'
'-criticality'
'VeryHigh'
'-createprofile'
'true'
'-version'
'20220526-240237107'
'-appname'
'verademo_version3'
'-filepath'
'//Users//jmok//Verademo-jenkins//app//target//verademo.war'

The ' characters around the executable and arguments are
not part of the command.
     [java] [2022.05.26 00:02:37.478] Transaction ID: [adc13897-821c-4010-b782-d484d9c3b461]
     [java] [2022.05.26 00:02:39.665] 
     [java] [2022.05.26 00:02:39.665] Application profile "verademo_version3" (appid=1443228) was located.
     [java] [2022.05.26 00:02:39.666] 
     [java] [2022.05.26 00:02:39.666] Creating a new analysis with name "20220526-240237107".
     [java] [2022.05.26 00:02:43.107] 
     [java] [2022.05.26 00:02:43.107] The analysis id of the new analysis is "18660399".
     [java] [2022.05.26 00:02:43.107] 
     [java] [2022.05.26 00:02:43.107] Uploading: //Users//jmok//Verademo-jenkins//app//target//verademo.war
     [java] [2022.05.26 00:02:59.830] 
     [java] [2022.05.26 00:02:59.830] Starting pre-scan verification for application "verademo_version3" analysis "20220526-240237107".
     [java] [2022.05.26 00:03:02.801] 
     [java] [2022.05.26 00:03:02.801] Scan polling interval is set to the default of 120 seconds.
     [java] [2022.05.26 00:03:02.801] 
     [java] [2022.05.26 00:03:02.801] Application "verademo_version3" analysis "20220526-240237107" will be automatically submitted for scanning if the pre-scan verification is successful.
UploadAndScan:  duration 26 seconds
