     [java] Executing '/Library/Java/JavaVirtualMachines/temurin-18.jdk/Contents/Home/bin/java' with arguments:
'-jar'
'/Users/jmok/VeracodeJavaAPI.jar'
'-action'
'UploadAndScan'
'-vid'
'dd8a37f63ef2ecdbdf6e806195007d0f'
'-vkey'
'ef67607ffd6ffad6e62382862d681b4cdb48aba354b16d57329c34a3cc912b3f9528c9b3423e5caa350496b52e5873629ab67137745523d7a609b31f4feb5952'
'-criticality'
'VeryHigh'
'-createprofile'
'true'
'-version'
'20220531-92559655'
'-appname'
'verademo_version3'
'-filepath'
'//Users//jmok//Verademo-jenkins//app//target//verademo.war'

The ' characters around the executable and arguments are
not part of the command.
     [java] [2022.05.31 09:25:59.934] Transaction ID: [985a4d2e-0131-4655-8174-de27d2f7f9ed]
     [java] [2022.05.31 09:26:01.738] 
     [java] [2022.05.31 09:26:01.738] Application profile "verademo_version3" (appid=1443228) was located.
     [java] [2022.05.31 09:26:01.739] 
     [java] [2022.05.31 09:26:01.739] Creating a new analysis with name "20220531-92559655".
     [java] [2022.05.31 09:26:04.117] 
     [java] [2022.05.31 09:26:04.117] The analysis id of the new analysis is "18751083".
     [java] [2022.05.31 09:26:04.117] 
     [java] [2022.05.31 09:26:04.117] Uploading: //Users//jmok//Verademo-jenkins//app//target//verademo.war
     [java] [2022.05.31 09:26:13.611] 
     [java] [2022.05.31 09:26:13.611] Starting pre-scan verification for application "verademo_version3" analysis "20220531-92559655".
     [java] [2022.05.31 09:26:16.135] 
     [java] [2022.05.31 09:26:16.135] Scan polling interval is set to the default of 120 seconds.
     [java] [2022.05.31 09:26:16.135] 
     [java] [2022.05.31 09:26:16.135] Application "verademo_version3" analysis "20220531-92559655" will be automatically submitted for scanning if the pre-scan verification is successful.
UploadAndScan:  duration 16 seconds
